<?xml version="1.0" encoding="UTF-8"?>
<!-- Generated by org.testng.reporters.JUnitReportReporter -->
<testsuite hostname="LAP-HYD-0X91354" failures="0" tests="1" name="com.demo.qa.FirefoxTest" time="12.083" errors="0" timestamp="2021-10-26T18:57:38 IST" skipped="0">
  <testcase classname="com.demo.qa.FirefoxTest" name="FirefoxTestMethod" time="12.083"/>
  <system-out/>
</testsuite> <!-- com.demo.qa.FirefoxTest -->
