<?xml version="1.0" encoding="UTF-8"?>
<!-- Generated by org.testng.reporters.JUnitReportReporter -->
<testsuite hostname="LAP-HYD-0X91354" failures="0" tests="3" name="com.demo.qa.DataProviderClass" time="0.018" errors="0" timestamp="2021-10-26T18:37:34 IST" skipped="0">
  <testcase classname="com.demo.qa.DataProviderClass" name="testMethod1" time="0.013"/>
  <system-out/>
  <testcase classname="com.demo.qa.DataProviderClass" name="testMethod1" time="0.002"/>
  <system-out/>
  <testcase classname="com.demo.qa.DataProviderClass" name="testMethod1" time="0.003"/>
  <system-out/>
</testsuite> <!-- com.demo.qa.DataProviderClass -->
