<?xml version="1.0" encoding="UTF-8"?>
<!-- Generated by org.testng.reporters.JUnitReportReporter -->
<testsuite hostname="LAP-HYD-0X91354" failures="0" tests="2" name="com.demo.qa.Params" time="0.005" errors="0" timestamp="2021-10-26T18:45:35 IST" skipped="0">
  <testcase classname="com.demo.qa.Params" name="Sum" time="0.001"/>
  <system-out/>
  <testcase classname="com.demo.qa.Params" name="Sum" time="0.004"/>
  <system-out/>
</testsuite> <!-- com.demo.qa.Params -->
