<?xml version="1.0" encoding="UTF-8"?>
<!-- Generated by org.testng.reporters.JUnitReportReporter -->
<testsuite hostname="LAP-HYD-0X91354" failures="0" tests="3" name="com.demo.tests.LoginTest" time="5.617" errors="0" timestamp="2021-10-26T16:24:16 IST" skipped="0">
  <testcase classname="com.demo.tests.LoginTest" name="HomeTest" time="0.003"/>
  <system-out/>
  <testcase classname="com.demo.tests.LoginTest" name="DashboardTest" time="0.009"/>
  <system-out/>
  <testcase classname="com.demo.tests.LoginTest" name="LoginTest" time="5.605"/>
  <system-out/>
</testsuite> <!-- com.demo.tests.LoginTest -->
