<?xml version="1.0" encoding="UTF-8"?>
<!-- Generated by org.testng.reporters.JUnitReportReporter -->
<testsuite hostname="LAP-HYD-0X91354" failures="0" tests="4" name="com.demo.qa.SimpleTest" time="0.028" errors="0" timestamp="2021-10-26T18:39:17 IST" skipped="0">
  <testcase classname="com.demo.qa.SimpleTest" name="testMethodOne" time="0.002"/>
  <system-out/>
  <testcase classname="com.demo.qa.SimpleTest" name="testMethodTwo" time="0.010"/>
  <system-out/>
  <testcase classname="com.demo.qa.SimpleTest" name="testMethodOne" time="0.014"/>
  <system-out/>
  <testcase classname="com.demo.qa.SimpleTest" name="testMethodTwo" time="0.002"/>
  <system-out/>
</testsuite> <!-- com.demo.qa.SimpleTest -->
