<?xml version="1.0" encoding="UTF-8"?>
<!-- Generated by org.testng.reporters.JUnitReportReporter -->
<testsuite hostname="LAP-HYD-0X91354" failures="0" tests="10" name="com.assignments.Aman_Kumar" time="42.213" errors="0" timestamp="2021-10-29T19:39:02 IST" skipped="0">
  <testcase classname="com.assignments.Aman_Kumar" name="State" time="3.373"/>
  <system-out/>
  <testcase classname="com.assignments.Aman_Kumar" name="City" time="3.232"/>
  <system-out/>
  <testcase classname="com.assignments.Aman_Kumar" name="Hobbies" time="0.190"/>
  <system-out/>
  <testcase classname="com.assignments.Aman_Kumar" name="Text_Field" time="2.493"/>
  <system-out/>
  <testcase classname="com.assignments.Aman_Kumar" name="Radio_btn" time="2.324"/>
  <system-out/>
  <testcase classname="com.assignments.Aman_Kumar" name="Subjects" time="18.445"/>
  <system-out/>
  <testcase classname="com.assignments.Aman_Kumar" name="Choose_file" time="2.103"/>
  <system-out/>
  <testcase classname="com.assignments.Aman_Kumar" name="Phone_no" time="2.139"/>
  <system-out/>
  <testcase classname="com.assignments.Aman_Kumar" name="Date_of_Birth" time="5.694"/>
  <system-out/>
  <testcase classname="com.assignments.Aman_Kumar" name="Submit" time="2.220"/>
  <system-out/>
</testsuite> <!-- com.assignments.Aman_Kumar -->
