<?xml version="1.0" encoding="UTF-8"?>
<!-- Generated by org.testng.reporters.JUnitReportReporter -->
<testsuite hostname="LAP-HYD-0X91354" failures="0" tests="2" name="com.demo.tests.TestClass" time="5.410" errors="0" timestamp="2021-10-26T19:11:03 IST" skipped="0">
  <testcase classname="com.demo.tests.TestClass" name="LoginTest" time="5.353"/>
  <system-out/>
  <testcase classname="com.demo.tests.TestClass" name="HomeTest" time="0.057"/>
  <system-out/>
</testsuite> <!-- com.demo.tests.TestClass -->
